0 info it worked if it ends with ok
1 verbose cli [ 'C:\\Program Files\\nodejs\\node.exe',
1 verbose cli   'C:\\Program Files\\nodejs\\node_modules\\npm\\bin\\npm-cli.js',
1 verbose cli   'install',
1 verbose cli   '--save',
1 verbose cli   'matter-js' ]
2 info using npm@2.15.5
3 info using node@v4.4.5
4 verbose install initial load of C:\Users\sever\Documents\dev\code\shri_yandex_2016\shri-2016-task2\package.json
5 verbose installManyTop reading scoped package data from C:\Users\sever\Documents\dev\code\shri_yandex_2016\shri-2016-task2\node_modules\gulp\package.json
6 verbose installManyTop reading scoped package data from C:\Users\sever\Documents\dev\code\shri_yandex_2016\shri-2016-task2\node_modules\matter-js\package.json
7 verbose readDependencies loading dependencies from C:\Users\sever\Documents\dev\code\shri_yandex_2016\shri-2016-task2\package.json
8 silly cache add args [ 'matter-js', null ]
9 verbose cache add spec matter-js
10 silly cache add parsed spec Result {
10 silly cache add   raw: 'matter-js',
10 silly cache add   scope: null,
10 silly cache add   name: 'matter-js',
10 silly cache add   rawSpec: '',
10 silly cache add   spec: 'latest',
10 silly cache add   type: 'tag' }
11 silly addNamed matter-js@latest
12 verbose addNamed "latest" is being treated as a dist-tag for matter-js
13 info addNameTag [ 'matter-js', 'latest' ]
14 silly mapToRegistry name matter-js
15 silly mapToRegistry using default registry
16 silly mapToRegistry registry https://registry.npmjs.org/
17 silly mapToRegistry data Result {
17 silly mapToRegistry   raw: 'matter-js',
17 silly mapToRegistry   scope: null,
17 silly mapToRegistry   name: 'matter-js',
17 silly mapToRegistry   rawSpec: '',
17 silly mapToRegistry   spec: 'latest',
17 silly mapToRegistry   type: 'tag' }
18 silly mapToRegistry uri https://registry.npmjs.org/matter-js
19 verbose addNameTag registry:https://registry.npmjs.org/matter-js not in flight; fetching
20 verbose request uri https://registry.npmjs.org/matter-js
21 verbose request no auth needed
22 info attempt registry request try #1 at 12:53:22
23 verbose request id a3ccf60f8b17714c
24 verbose etag "F0O6518KQHGEIZE6J7T0AGIOK"
25 http request GET https://registry.npmjs.org/matter-js
26 http 304 https://registry.npmjs.org/matter-js
27 verbose headers { date: 'Sun, 10 Jul 2016 09:53:23 GMT',
27 verbose headers   via: '1.1 varnish',
27 verbose headers   'cache-control': 'max-age=300',
27 verbose headers   etag: '"F0O6518KQHGEIZE6J7T0AGIOK"',
27 verbose headers   age: '80',
27 verbose headers   connection: 'keep-alive',
27 verbose headers   'x-served-by': 'cache-bma7031-BMA',
27 verbose headers   'x-cache': 'HIT',
27 verbose headers   'x-cache-hits': '1',
27 verbose headers   'x-timer': 'S1468144403.044561,VS0,VE0',
27 verbose headers   vary: 'Accept-Encoding' }
28 silly get cb [ 304,
28 silly get   { date: 'Sun, 10 Jul 2016 09:53:23 GMT',
28 silly get     via: '1.1 varnish',
28 silly get     'cache-control': 'max-age=300',
28 silly get     etag: '"F0O6518KQHGEIZE6J7T0AGIOK"',
28 silly get     age: '80',
28 silly get     connection: 'keep-alive',
28 silly get     'x-served-by': 'cache-bma7031-BMA',
28 silly get     'x-cache': 'HIT',
28 silly get     'x-cache-hits': '1',
28 silly get     'x-timer': 'S1468144403.044561,VS0,VE0',
28 silly get     vary: 'Accept-Encoding' } ]
29 verbose etag https://registry.npmjs.org/matter-js from cache
30 verbose get saving matter-js to C:\Users\sever\AppData\Roaming\npm-cache\registry.npmjs.org\matter-js\.cache.json
31 verbose correctMkdir C:\Users\sever\AppData\Roaming\npm-cache correctMkdir not in flight; initializing
32 silly addNameTag next cb for matter-js with tag latest
33 silly addNamed matter-js@0.10.0
34 verbose addNamed "0.10.0" is a plain semver version for matter-js
35 silly cache afterAdd matter-js@0.10.0
36 verbose afterAdd C:\Users\sever\AppData\Roaming\npm-cache\matter-js\0.10.0\package\package.json not in flight; writing
37 verbose correctMkdir C:\Users\sever\AppData\Roaming\npm-cache correctMkdir not in flight; initializing
38 verbose afterAdd C:\Users\sever\AppData\Roaming\npm-cache\matter-js\0.10.0\package\package.json written
39 silly install resolved [ { name: 'matter-js',
39 silly install resolved     version: '0.10.0',
39 silly install resolved     license: 'MIT',
39 silly install resolved     homepage: 'http://brm.io/matter-js/',
39 silly install resolved     author:
39 silly install resolved      { name: 'Liam Brummitt',
39 silly install resolved        email: 'liam@brm.io',
39 silly install resolved        url: 'http://brm.io/' },
39 silly install resolved     description: 'a 2D rigid body physics engine for the web',
39 silly install resolved     main: 'src/module/main.js',
39 silly install resolved     repository:
39 silly install resolved      { type: 'git',
39 silly install resolved        url: 'git+https://github.com/liabru/matter-js.git' },
39 silly install resolved     keywords:
39 silly install resolved      [ 'javascript',
39 silly install resolved        'canvas',
39 silly install resolved        'html5',
39 silly install resolved        'physics',
39 silly install resolved        'physics engine',
39 silly install resolved        'game engine',
39 silly install resolved        'rigid body physics' ],
39 silly install resolved     devDependencies:
39 silly install resolved      { browserify: '^12.0.1',
39 silly install resolved        cheerio: '^0.19.0',
39 silly install resolved        'connect-livereload': '^0.5.4',
39 silly install resolved        'event-stream': '^3.3.2',
39 silly install resolved        'fast-json-patch': '^0.5.4',
39 silly install resolved        gulp: '^3.9.0',
39 silly install resolved        'gulp-bump': '^1.0.0',
39 silly install resolved        'gulp-clone': '^1.0.0',
39 silly install resolved        'gulp-concat': '^2.6.0',
39 silly install resolved        'gulp-conventional-changelog': '^0.7.0',
39 silly install resolved        'gulp-eslint': '^1.0.0',
39 silly install resolved        'gulp-github-release': '^1.1.0',
39 silly install resolved        'gulp-header': '^1.7.1',
39 silly install resolved        'gulp-preprocess': '^2.0.0',
39 silly install resolved        'gulp-rename': '^1.2.2',
39 silly install resolved        'gulp-replace': '^0.5.4',
39 silly install resolved        'gulp-tag-version': '^1.3.0',
39 silly install resolved        'gulp-uglify': '^1.4.2',
39 silly install resolved        'gulp-util': '^3.0.7',
39 silly install resolved        'gulp-webdriver': '^1.0.1',
39 silly install resolved        'gulp-webserver': '^0.9.1',
39 silly install resolved        mkdirp: '^0.5.1',
39 silly install resolved        rimraf: '^2.4.2',
39 silly install resolved        'run-sequence': '^1.1.4',
39 silly install resolved        through2: '^2.0.0',
39 silly install resolved        'vinyl-transform': '^1.0.0',
39 silly install resolved        watchify: '^3.6.1',
39 silly install resolved        yuidocjs: '^0.9.0' },
39 silly install resolved     scripts: { test: 'gulp build:dev && gulp build:examples && gulp lint' },
39 silly install resolved     dependencies: {},
39 silly install resolved     gitHead: 'd804df4aed46509dd4f6bb0879d36f3e32057c7a',
39 silly install resolved     bugs: { url: 'https://github.com/liabru/matter-js/issues' },
39 silly install resolved     _id: 'matter-js@0.10.0',
39 silly install resolved     _shasum: 'bcfb4afc2354c5980cb9701dc15edf07274742b2',
39 silly install resolved     _from: 'matter-js@latest',
39 silly install resolved     _npmVersion: '3.6.0',
39 silly install resolved     _nodeVersion: '5.7.1',
39 silly install resolved     _npmUser: { name: 'liabru', email: 'liam@brm.io' },
39 silly install resolved     dist:
39 silly install resolved      { shasum: 'bcfb4afc2354c5980cb9701dc15edf07274742b2',
39 silly install resolved        tarball: 'https://registry.npmjs.org/matter-js/-/matter-js-0.10.0.tgz' },
39 silly install resolved     maintainers: [ [Object] ],
39 silly install resolved     _npmOperationalInternal:
39 silly install resolved      { host: 'packages-12-west.internal.npmjs.com',
39 silly install resolved        tmp: 'tmp/matter-js-0.10.0.tgz_1462144204356_0.5098611158318818' },
39 silly install resolved     directories: {},
39 silly install resolved     _resolved: 'https://registry.npmjs.org/matter-js/-/matter-js-0.10.0.tgz',
39 silly install resolved     readme: 'ERROR: No README data found!' } ]
40 info install matter-js@0.10.0 into C:\Users\sever\Documents\dev\code\shri_yandex_2016\shri-2016-task2
41 info installOne matter-js@0.10.0
42 verbose installOne of matter-js to C:\Users\sever\Documents\dev\code\shri_yandex_2016\shri-2016-task2 not in flight; installing
43 verbose correctMkdir C:\Users\sever\AppData\Roaming\npm-cache\_locks correctMkdir not in flight; initializing
44 verbose lock using C:\Users\sever\AppData\Roaming\npm-cache\_locks\matter-js-1b8f2ec88f06bdd2.lock for C:\Users\sever\Documents\dev\code\shri_yandex_2016\shri-2016-task2\node_modules\matter-js
45 silly install write writing matter-js 0.10.0 to C:\Users\sever\Documents\dev\code\shri_yandex_2016\shri-2016-task2\node_modules\matter-js
46 verbose unbuild node_modules\matter-js
47 silly gentlyRm C:\Users\sever\Documents\dev\code\shri_yandex_2016\shri-2016-task2\node_modules\matter-js is being purged from base C:\Users\sever\Documents\dev\code\shri_yandex_2016\shri-2016-task2
48 verbose gentlyRm don't care about contents; nuking C:\Users\sever\Documents\dev\code\shri_yandex_2016\shri-2016-task2\node_modules\matter-js
49 silly vacuum-fs Error: EPERM: operation not permitted, lstat 'C:\Users\sever\Documents\dev\code\shri_yandex_2016\shri-2016-task2\node_modules\matter-js'
49 silly vacuum-fs     at Error (native)
50 verbose unlock done using C:\Users\sever\AppData\Roaming\npm-cache\_locks\matter-js-1b8f2ec88f06bdd2.lock for C:\Users\sever\Documents\dev\code\shri_yandex_2016\shri-2016-task2\node_modules\matter-js
51 verbose stack Error: EPERM: operation not permitted, lstat 'C:\Users\sever\Documents\dev\code\shri_yandex_2016\shri-2016-task2\node_modules\matter-js'
51 verbose stack     at Error (native)
52 verbose cwd C:\Users\sever\Documents\dev\code\shri_yandex_2016\shri-2016-task2
53 error Windows_NT 6.1.7601
54 error argv "C:\\Program Files\\nodejs\\node.exe" "C:\\Program Files\\nodejs\\node_modules\\npm\\bin\\npm-cli.js" "install" "--save" "matter-js"
55 error node v4.4.5
56 error npm  v2.15.5
57 error path C:\Users\sever\Documents\dev\code\shri_yandex_2016\shri-2016-task2\node_modules\matter-js
58 error code EPERM
59 error errno -4048
60 error syscall lstat
61 error Error: EPERM: operation not permitted, lstat 'C:\Users\sever\Documents\dev\code\shri_yandex_2016\shri-2016-task2\node_modules\matter-js'
61 error     at Error (native)
61 error  { [Error: EPERM: operation not permitted, lstat 'C:\Users\sever\Documents\dev\code\shri_yandex_2016\shri-2016-task2\node_modules\matter-js']
61 error   errno: -4048,
61 error   code: 'EPERM',
61 error   syscall: 'lstat',
61 error   path: 'C:\\Users\\sever\\Documents\\dev\\code\\shri_yandex_2016\\shri-2016-task2\\node_modules\\matter-js' }
62 error Please try running this command again as root/Administrator.
63 verbose exit [ -4048, true ]
64 verbose unbuild node_modules\matter-js
65 silly gentlyRm C:\Users\sever\Documents\dev\code\shri_yandex_2016\shri-2016-task2\node_modules\matter-js is being purged from base C:\Users\sever\Documents\dev\code\shri_yandex_2016\shri-2016-task2
66 verbose gentlyRm don't care about contents; nuking C:\Users\sever\Documents\dev\code\shri_yandex_2016\shri-2016-task2\node_modules\matter-js
67 silly vacuum-fs Error: EPERM: operation not permitted, lstat 'C:\Users\sever\Documents\dev\code\shri_yandex_2016\shri-2016-task2\node_modules\matter-js'
67 silly vacuum-fs     at Error (native)
68 error error rolling back Error: EPERM: operation not permitted, lstat 'C:\Users\sever\Documents\dev\code\shri_yandex_2016\shri-2016-task2\node_modules\matter-js'
68 error error rolling back     at Error (native)
68 error error rolling back  { [Error: EPERM: operation not permitted, lstat 'C:\Users\sever\Documents\dev\code\shri_yandex_2016\shri-2016-task2\node_modules\matter-js']
68 error error rolling back   errno: -4048,
68 error error rolling back   code: 'EPERM',
68 error error rolling back   syscall: 'lstat',
68 error error rolling back   path: 'C:\\Users\\sever\\Documents\\dev\\code\\shri_yandex_2016\\shri-2016-task2\\node_modules\\matter-js' }
